\BOOKMARK [0][-]{chapter.1}{\376\377\000G\000i\036\333\000i\000\040\000t\000h\000i\036\307\000u}{}% 1
\BOOKMARK [1][-]{section.1.1}{\376\377\000T\036\325\000n\000g\000\040\000q\000u\000a\000n\000\040\000p\000a\000p\000e\000r\000:\000\040}{chapter.1}% 2
\BOOKMARK [2][-]{subsection.1.1.1}{\376\377\000E\000x\000t\000r\000a\000-\000s\000u\000p\000e\000r\000v\000i\000s\000e\000d\000\040\000L\000e\000a\000r\000n\000i\000n\000g\000\040\040\023\000\040\000H\036\315\000c\000\040\000c\000\363\000\040\000g\000i\000\341\000m\000\040\000s\000\341\000t\000\040\000b\036\325\000\040\000s\000u\000n\000g\000:}{section.1.1}% 3
\BOOKMARK [2][-]{subsection.1.1.2}{\376\377\000S\000e\000l\000f\000-\000s\000u\000p\000e\000r\000v\000i\000s\000e\000d\000\040\000M\000u\000l\000t\000i\000-\000t\000a\000s\000k\000\040\000L\000e\000a\000r\000n\000i\000n\000g\000\040\040\023\000\040\000H\036\315\000c\000\040\001\021\000a\000\040\000t\000\341\000c\000\040\000v\036\345\000\040\000t\036\361\000\040\000g\000i\000\341\000m\000\040\000s\000\341\000t\000:}{section.1.1}% 4
\BOOKMARK [1][-]{section.1.2}{\376\377\000W\000I\000D\000E\000R\000\040\000F\000A\000C\000E\000\040\000D\000a\000t\000a\000s\000e\000t\000:}{chapter.1}% 5
\BOOKMARK [0][-]{chapter.2}{\376\377\000M\000e\000t\000r\000i\000c\000s\000\040\000v\000\340\000\040\000B\000o\000x\000\040\000t\000r\000o\000n\000g\000\040\000F\000a\000c\000e\000\040\000D\000e\000t\000e\000c\000t\000i\000o\000n}{}% 6
\BOOKMARK [1][-]{section.2.1}{\376\377\000B\000o\000u\000n\000d\000i\000n\000g\000\040\000B\000o\000x\000:}{chapter.2}% 7
\BOOKMARK [1][-]{section.2.2}{\376\377\000W\000I\000D\000E\000R\000F\000A\000C\000E\000\040\000A\000n\000n\000o\000t\000a\000t\000i\000o\000n\000s\000:}{chapter.2}% 8
\BOOKMARK [1][-]{section.2.3}{\376\377\000J\000a\000c\000c\000a\000r\000d\000:}{chapter.2}% 9
\BOOKMARK [1][-]{section.2.4}{\376\377\000I\000n\000t\000e\000r\000s\000e\000c\000t\000i\000o\000n\000\040\000o\000v\000e\000r\000\040\000U\000n\000i\000o\000n\000\040\000\050\000I\000o\000U\000\051\000:}{chapter.2}% 10
\BOOKMARK [1][-]{section.2.5}{\376\377\000A\000v\000e\000r\000a\000g\000e\000\040\000P\000r\000e\000c\000i\000s\000i\000o\000n\000\040\000v\000\340\000\040\000M\000e\000a\000n\000\040\000A\000v\000e\000r\000a\000g\000e\000\040\000P\000r\000e\000c\000i\000s\000i\000o\000n\000:}{chapter.2}% 11
\BOOKMARK [2][-]{subsection.2.5.1}{\376\377\000A\000v\000e\000r\000a\000g\000e\000\040\000P\000r\000e\000c\000i\000s\000i\000o\000n\000\040\000\050\000A\000P\000\051\000:}{section.2.5}% 12
\BOOKMARK [2][-]{subsection.2.5.2}{\376\377\000M\000e\000a\000n\000\040\000A\000v\000e\000r\000a\000g\000e\000\040\000P\000r\000e\000c\000i\000s\000i\000o\000n\000\040\000\050\000m\000A\000P\000\051\000:}{section.2.5}% 13
\BOOKMARK [0][-]{chapter.3}{\376\377\000R\000e\000l\000a\000t\000e\000d\000\040\000w\000o\000r\000k\000s}{}% 14
\BOOKMARK [1][-]{section.3.1}{\376\377\000I\000m\000a\000g\000e\000\040\000P\000y\000r\000a\000m\000i\000d\000\040\000v\000\340\000\040\000F\000e\000a\000t\000u\000r\000e\000\040\000P\000y\000r\000a\000m\000i\000d\000:}{chapter.3}% 15
\BOOKMARK [2][-]{subsection.3.1.1}{\376\377\000I\000m\000a\000g\000e\000\040\000P\000y\000r\000a\000m\000i\000d}{section.3.1}% 16
\BOOKMARK [2][-]{subsection.3.1.2}{\376\377\000F\000e\000a\000t\000u\000r\000e\000\040\000P\000y\000r\000a\000m\000i\000d}{section.3.1}% 17
\BOOKMARK [1][-]{section.3.2}{\376\377\000T\000w\000o\000-\000s\000t\000a\000g\000e\000\040\000v\000\340\000\040\000S\000i\000n\000g\000l\000e\000-\000s\000t\000a\000g\000e\000:}{chapter.3}% 18
\BOOKMARK [2][-]{subsection.3.2.1}{\376\377\000T\000w\000o\000-\000s\000t\000a\000g\000e\000:}{section.3.2}% 19
\BOOKMARK [2][-]{subsection.3.2.2}{\376\377\000S\000i\000n\000g\000l\000e\000-\000s\000t\000a\000g\000e\000:}{section.3.2}% 20
\BOOKMARK [1][-]{section.3.3}{\376\377\000C\000o\000n\000t\000e\000x\000t\000\040\000M\000o\000d\000e\000l\000l\000i\000n\000g\000:\000\040\000\050\0004\000.\0002\000.\0002\000\051}{chapter.3}% 21
\BOOKMARK [1][-]{section.3.4}{\376\377\000M\000u\000l\000t\000i\000-\000t\000a\000s\000k\000\040\000L\000e\000a\000r\000n\000i\000n\000g}{chapter.3}% 22
\BOOKMARK [0][-]{chapter.4}{\376\377\000R\000e\000t\000i\000n\000a\000F\000a\000c\000e\000\040\000A\000r\000c\000h\000i\000t\000e\000c\000t\000u\000r\000e}{}% 23
\BOOKMARK [1][-]{section.4.1}{\376\377\000T\000h\000\364\000n\000g\000\040\000t\000i\000n\000\040\000c\000h\000u\000n\000g\000:}{chapter.4}% 24
\BOOKMARK [2][-]{subsection.4.1.1}{\376\377\000M\000u\000l\000t\000i\000-\000t\000a\000s\000k\000\040\000L\000o\000s\000s\000:}{section.4.1}% 25
\BOOKMARK [2][-]{subsection.4.1.2}{\376\377\000D\000e\000n\000s\000e\000\040\000R\000e\000g\000r\000e\000s\000s\000i\000o\000n\000\040\000B\000r\000a\000n\000c\000h\000:}{section.4.1}% 26
\BOOKMARK [1][-]{section.4.2}{\376\377\000I\000m\000p\000l\000e\000m\000e\000n\000t\000a\000t\000i\000o\000n\000\040\000d\000e\000t\000a\000i\000l\000s\000:}{chapter.4}% 27
\BOOKMARK [2][-]{subsection.4.2.1}{\376\377\000F\000e\000a\000t\000u\000r\000e\000\040\000P\000y\000r\000a\000m\000i\000d}{section.4.2}% 28
\BOOKMARK [2][-]{subsection.4.2.2}{\376\377\000C\000o\000n\000t\000e\000x\000t\000\040\000M\000o\000d\000u\000l\000e\000:}{section.4.2}% 29
\BOOKMARK [2][-]{subsection.4.2.3}{\376\377\000L\000o\000s\000s\000\040\000H\000e\000a\000d\000:}{section.4.2}% 30
\BOOKMARK [0][-]{chapter.5}{\376\377\000R\000e\000t\000i\000n\000a\000F\000a\000c\000e\000\040\000S\000o\000u\000r\000c\000e\000\040\000C\000o\000d\000e}{}% 31
\BOOKMARK [1][-]{section.5.1}{\376\377\000D\000a\000t\000a\000s\000e\000t\000:}{chapter.5}% 32
\BOOKMARK [1][-]{section.5.2}{\376\377\000B\000a\000c\000k\000b\000o\000n\000e\000:}{chapter.5}% 33
\BOOKMARK [1][-]{section.5.3}{\376\377\000L\000a\000y\000e\000r\000s\000:}{chapter.5}% 34
\BOOKMARK [1][-]{section.5.4}{\376\377\000L\000o\000s\000s\000:}{chapter.5}% 35
\BOOKMARK [1][-]{section.5.5}{\376\377\000O\000p\000t\000i\000m\000i\000z\000e\000r\000:}{chapter.5}% 36
\BOOKMARK [1][-]{section.5.6}{\376\377\000M\000o\000d\000e\000l\000:}{chapter.5}% 37
\BOOKMARK [0][-]{chapter.6}{\376\377\000\335\000\040\000t\001\260\036\337\000n\000g\000\040\000c\036\243\000i\000\040\000t\000i\036\277\000n\000:}{}% 38
\BOOKMARK [1][-]{section.6.1}{\376\377\000H\036\241\000n\000\040\000c\000h\036\277\000\040\000c\036\347\000a\000\040\000p\000a\000p\000e\000r\000\040\000h\000i\036\307\000n\000\040\000t\036\241\000i\000:}{chapter.6}% 39
\BOOKMARK [1][-]{section.6.2}{\376\377\000S\000w\000i\000n\000\040\000T\000r\000a\000n\000s\000f\000o\000r\000m\000e\000r\000\040\000f\000o\000r\000\040\000f\000e\000a\000t\000u\000r\000e\000\040\000e\000x\000t\000r\000a\000c\000t\000i\000o\000n\000:}{chapter.6}% 40
\BOOKMARK [1][-]{section.6.3}{\376\377\000F\000e\000a\000t\000u\000r\000e\000\040\000E\000n\000h\000a\000n\000c\000e\000m\000e\000n\000t\000\040\000F\000e\000a\000t\000u\000r\000e\000\040\000P\000y\000r\000a\000m\000i\000d\000\040\000N\000e\000t\000w\000o\000r\000k\000:}{chapter.6}% 41
\BOOKMARK [0][-]{chapter.7}{\376\377\000K\036\277\000t\000\040\000q\000u\036\243\000\040\000t\000h\036\361\000c\000\040\000n\000g\000h\000i\036\307\000m\000:}{}% 42
\BOOKMARK [0][-]{chapter.8}{\376\377\000K\036\277\000t\000\040\000l\000u\036\255\000n}{}% 43
